PDB data file name: 7vnv-assembly1.cif
uncommon residue 4AC    6? on chain A [#6] assigned to: c
uncommon residue 4SU    8? on chain A [#8] assigned to: u
uncommon residue 2MG   10? on chain A [#10] assigned to: g
uncommon residue PSU   13? on chain A [#13] assigned to: P
uncommon residue 7SN   15? on chain A [#15] assigned to: g
uncommon residue OMC   17? on chain A [#17] assigned to: c
uncommon residue M2G   26? on chain A [#28] assigned to: g
uncommon residue OMC   32? on chain A [#34] assigned to: c
uncommon residue OMU   34? on chain A [#36] assigned to: u
uncommon residue 9QV   47? on chain A [#49] assigned to: u
uncommon residue 5MC   48? on chain A [#50] assigned to: c
uncommon residue 5MC   49? on chain A [#51] assigned to: c
uncommon residue SUR   54? on chain A [#56] assigned to: u
uncommon residue PSU   55? on chain A [#57] assigned to: P
uncommon residue OMC   56? on chain A [#58] assigned to: c
uncommon residue 7S3   57? on chain A [#59] assigned to: a
uncommon residue 1MA   58? on chain A [#60] assigned to: a
-----------------------------------------------------------
CRITERIA USED TO GENERATE BASE-PAIR: 
  3.40 --> upper H-bond length limits (ON..ON).
 26.00 --> max. distance between paired base origins.
  2.50 --> max. vertical distance between paired base origins.
 65.00 --> max. angle between paired bases [0-90].
  5.40 --> min. distance between RN9/YN1 atoms.
  8.00 --> max. distance criterion for helix break[0-12]
-----------------------------------------------------------
BASE-PAIR INSTRUCTIONS: 
Column 1 is rnaview assigned base numbers n1_n2, start from 1.
Column 2 & 3 are chain ID & residue number in input PDB file.
Column 4 is for base pair. The left & right are the bases as 
         identified by column 2 & 3 and 5 & 6.
Column 5 & 6 are residue number & chain ID in input PDB file.
Column 7 is for base pair annotation. The standard Watson-Crick
         (W.C.) pairs are annotated as -/- (AU,AT) or +/+ (GC).
         Other pairs are annotated as Leontis_Westhof Classification.
         The three edges: W(Watson-Crick); H(Hoogsteen); S(suger).
         e.g. W/H means the pair is edge of Watson-Crick & Hoogsteen.
Column 8 is glycosidic bond orientation (either cis or trans).
         e.g. 'W/H cis' means the pair is interaction on Watson-Crick
         and Hoogsteen side, glycosidic bond orientation is 'cis'.
Column 9 corresponds to Saenger Classification.

Other columns: 
        Syn sugar-base conformations are annotated as (syn).
        Stacked base pairs are annotated as (stack).
        Non-identified edges are annotated as (.) or (?)
        Tertiary interactions are marked by (!) in the line.
Reference:
Yang et al (2003) Nucleic Acids Research, Vol31,No13,p3450-3461.
-----------------------------------------------------------
BEGIN_base-pair
     1_74, A:     1 G-C    72 A: +/+ cis         XIX
     2_73, A:     2 G-C    71 A: +/+ cis         XIX
     3_72, A:     3 G-C    70 A: +/+ cis         XIX
     4_71, A:     4 C-G    69 A: +/+ cis         XIX
     5_70, A:     5 C-G    68 A: +/+ cis         XIX
     6_69, A:     6 c-G    67 A: +/+ cis         XIX
     7_68, A:     7 G-C    66 A: +/+ cis         XIX
     8_14, A:     8 u-A    14 A: W/H tran        XXIV
    10_27, A:    10 g-C    25 A: +/+ cis         XIX
    11_26, A:    11 U-A    24 A: -/- cis         XX
    12_25, A:    12 C-G    23 A: +/+ cis         XIX
    13_24, A:    13 P-G    22 A: W/W cis         n/a
    15_50, A:    15 g-c    48 A: W/W tran        XXII
    19_57, A:    18 G-P    55 A: W/S tran        n/a
    20_58, A:    19 G-c    56 A: +/+ cis    syn    XIX
    24_48, A:    22 G-G    46 A: H/W tran        VII
    28_46, A:    26 g-A    44 A: W/W cis         VIII
    29_45, A:    27 C-G    43 A: +/+ cis         XIX
    30_44, A:    28 C-G    42 A: +/+ cis         XIX
    31_43, A:    29 G-C    41 A: +/+ cis         XIX
    32_42, A:    30 C-G    40 A: +/+ cis         XIX
    33_41, A:    31 C-G    39 A: +/+ cis         XIX
    51_67, A:    49 c-G    65 A: +/+ cis         XIX
    52_66, A:    50 U-A    64 A: -/- cis         XX
    53_65, A:    51 G-C    63 A: +/+ cis         XIX
    54_64, A:    52 G-C    62 A: +/+ cis         XIX
    55_63, A:    53 G-C    61 A: +/+ cis         XIX
    56_60, A:    54 u-a    58 A: W/H tran     syn  XXIV
    10_47, A:    10 g-G    45 A: H/S cis         !1H(b_b)
    13_48, A:    13 P-G    46 A: W/. tran        !1H(b_b)
    16_61, A:    16 C-G    59 A: S/S tran        !1H(b_b).
    34_40, A:    32 c-A    38 A: W/W cis         !1H(b_b)
     8_23, A:     8 u-A    21 A: S/W tran        !(b_s)
    16_63, A:    16 C-C    61 A: S/? cis         !(b_s)
    60_62, A:    58 a-U    60 A: S/S tran   syn    !(b_s)
    17_62, A:    17 c-U    60 A: ?/S cis         !(s_s)
    18_19, A:    17 U-G    18 A: S/? tran        !(s_s)
    35_38, A:    33 U-C    36 A: S/H tran        !(s_s)
    57_59, A:    55 P-a    57 A: S/S tran        !(s_s)
END_base-pair

Summary of triplets and higher multiplets
BEGIN_multiplets
13_24_48_| [1 3]  A: 13 P  +  A: 22 G  +  A: 46 G
END_multiplets

  The total base pairs =  28 (from   78 bases)
------------------------------------------------
 Standard  WW--cis  WW-tran  HH--cis  HH-tran  SS--cis  SS-tran
       21        2        1        0        0        0        0
  WH--cis  WH-tran  WS--cis  WS-tran  HS--cis  HS-tran
        0        3        0        1        0        0
------------------------------------------------
